        -:    0:Source:/workspaces/antwika/.worktrees/debug-console/src/apps/game/src/Game.cpp
        -:    0:Graph:build-coverage/src/apps/game/CMakeFiles/antwika_game.dir/src/Game.cpp.gcno
        -:    0:Data:-
        -:    0:Runs:0
        -:    0:Source is newer than graph
        -:    1:#include "antwika/game/Game.hpp"
        -:    2:
        -:    3:#include <antwika/ecs/SystemScheduler.hpp>
        -:    4:#include <antwika/ecs/World.hpp>
        -:    5:#include <antwika/engine/Engine.hpp>
        -:    6:#include <antwika/engine/StopSignal.hpp>
        -:    7:#include <antwika/event/Event.hpp>
        -:    8:#include <antwika/event/EventDispatcher.hpp>
        -:    9:#include <antwika/event/TickedEventDispatcher.hpp>
        -:   10:#include <antwika/i18n/Locale.hpp>
        -:   11:#include <antwika/log/Level.hpp>
        -:   12:#include <antwika/simulation/EngineLoop.hpp>
        -:   13:
        -:   14:#include "antwika/game/BindingSink.hpp"
        -:   15:#include "antwika/game/BuildingKind.hpp"
        -:   16:#include "antwika/game/BuildingSystem.hpp"
        -:   17:#include "antwika/game/CityRatings.hpp"
        -:   18:#include "antwika/game/ConsoleGatedSink.hpp"
        -:   19:#include "antwika/game/ConsoleScene.hpp"
        -:   20:#include "antwika/game/ConsoleSink.hpp"
        -:   21:#include "antwika/game/ConsoleState.hpp"
        -:   22:#include "antwika/game/CoverageSystem.hpp"
        -:   23:#include "antwika/game/Desirability.hpp"
        -:   24:#include "antwika/game/DesirabilitySystem.hpp"
        -:   25:#include "antwika/game/Events.hpp"
        -:   26:#include "antwika/game/GameStateReducer.hpp"
        -:   27:#include "antwika/game/GridSink.hpp"
        -:   28:#include "antwika/game/HaulingSystem.hpp"
        -:   29:#include "antwika/game/HotkeySink.hpp"
        -:   30:#include "antwika/game/HousingLevel.hpp"
        -:   31:#include "antwika/game/HousingSystem.hpp"
        -:   32:#include "antwika/game/InputFold.hpp"
        -:   33:#include "antwika/game/LocaleState.hpp"
        -:   34:#include "antwika/game/LabourDispatchSystem.hpp"
        -:   35:#include "antwika/game/StaffingSystem.hpp"
        -:   36:#include "antwika/game/LiveGrid.hpp"
        -:   37:#include "antwika/game/MainMenuScene.hpp"
        -:   38:#include "antwika/game/MainMenuSink.hpp"
        -:   39:#include "antwika/game/SupplySystem.hpp"
        -:   40:#include "antwika/game/MenuCommands.hpp"
        -:   41:#include "antwika/game/MenuModalScene.hpp"
        -:   42:#include "antwika/game/Messages.hpp"
        -:   43:#include "antwika/game/ModeGatedSink.hpp"
        -:   44:#include "antwika/game/OptionsFile.hpp"
        -:   45:#include "antwika/game/OptionsScene.hpp"
        -:   46:#include "antwika/game/OptionsState.hpp"
        -:   47:#include "antwika/game/PauseGatedSystem.hpp"
        -:   48:#include "antwika/game/PauseState.hpp"
        -:   49:#include "antwika/game/PopulationSystem.hpp"
        -:   50:#include "antwika/game/ProductionSystem.hpp"
        -:   51:#include "antwika/game/RatingsSystem.hpp"
        -:   52:#include "antwika/game/Ruin.hpp"
        -:   53:#include "antwika/game/RuinSystem.hpp"
        -:   54:#include "antwika/game/SaveGameFile.hpp"
        -:   55:#include "antwika/game/SaveLoadScene.hpp"
        -:   56:#include "antwika/game/SaveLoadSink.hpp"
        -:   57:#include "antwika/game/SaveLoadState.hpp"
        -:   58:#include "antwika/game/SceneSnapshot.hpp"
        -:   59:#include "antwika/game/Service.hpp"
        -:   60:#include "antwika/game/SessionGatedSystem.hpp"
        -:   61:#include "antwika/game/SessionStore.hpp"
        -:   62:#include "antwika/game/SpawnSystem.hpp"
        -:   63:#include "antwika/game/Toolbar.hpp"
        -:   64:#include "antwika/game/UiSink.hpp"
        -:   65:#include "antwika/game/ViewCommands.hpp"
        -:   66:#include "antwika/game/WalkerSystem.hpp"
        -:   67:#include "antwika/game/WorldMapSink.hpp"
        -:   68:
        -:   69:using antwika::ecs::SystemScheduler;
        -:   70:using antwika::ecs::World;
        -:   71:using antwika::engine::Engine;
        -:   72:using antwika::engine::StopSignal;
        -:   73:using antwika::event::Event;
        -:   74:using antwika::event::EventDispatcher;
        -:   75:using antwika::event::TickedEventDispatcher;
        -:   76:using antwika::log::Level;
        -:   77:using antwika::simulation::EngineLoop;
        -:   78:
        -:   79:namespace antwika::game
        -:   80:{
        -:   81:
function antwika::game::Game::Game(antwika::engine::IEngine&, antwika::log::ILogger&) called 0 returned 0% blocks executed 0%
    #####:   82:    Game::Game(IEngine &engine, ILogger &logger)
    #####:   83:        : engine(engine), logger(logger)
        -:   84:    {
    #####:   85:    }
        -:   86:
function antwika::game::Game::run() called 0 returned 0% blocks executed 0%
    #####:   87:    void Game::run()
        -:   88:    {
    #####:   89:        logger.log(Level::Info, "Running Antwika Game");
    %%%%%:   89-block 2
call    0 never executed
call    1 never executed
    #####:   90:        engine.start();
call    0 never executed
    #####:   91:    }
        -:   92:
function antwika::game::bootstrap(antwika::game::GameWiring const&) called 0 returned 0% blocks executed 0%
    #####:   93:    GameSummary bootstrap(const GameWiring &wiring)
        -:   94:    {
    #####:   95:        ILogger &logger = wiring.logger;
    #####:   96:        Camera &camera = wiring.camera;
    #####:   97:        PathIndex &paths = wiring.paths;
        -:   98:
        -:   99:        // The caller's when it has one -- see GameWiring::locale.
        -:  100:        // A renderer built beforehand words its scenes off that object.
        -:  101:        // So the drawn text and the laid-out text change together.
        -:  102:        // Otherwise one of this loop's own, at the shipped language.
    #####:  103:        LocaleState ownLocale;
    %%%%%:  103-block 2
call    0 never executed
        -:  104:        LocaleState &localeState =
    #####:  105:            wiring.locale.has_value() ? wiring.locale->get() : ownLocale;
call    0 never executed
branch  1 never executed (fallthrough)
branch  2 never executed
    %%%%%:  105-block 5
call    3 never executed
call    4 never executed
    %%%%%:  105-block 7
    #####:  106:        const Translator &translator = localeState.translator();
    %%%%%:  106-block 8
call    0 never executed
        -:  107:
    #####:  108:        EventDispatcher dispatcher({wiring.eventSink});
call    0 never executed
    %%%%%:  108-block 12
call    1 never executed
branch  2 never executed (fallthrough)
branch  3 never executed (throw)
    %%%%%:  108-block 13
call    4 never executed
branch  5 never executed (fallthrough)
branch  6 never executed (throw)
    %%%%%:  108-block 14
call    7 never executed
    $$$$$:  108-block 348
call    8 never executed
    $$$$$:  108-block 352
    $$$$$:  108-block 353
    $$$$$:  108-block 354
        -:  109:
    #####:  110:        World world(logger);
    %%%%%:  110-block 16
call    0 never executed
call    1 never executed
branch  2 never executed (fallthrough)
branch  3 never executed (throw)
        -:  111:
    #####:  112:        AppModeState &mode = wiring.mode;
        -:  113:
    #####:  114:        SystemScheduler scheduler;
    #####:  115:        WalkerSystem walkerSystem(paths, wiring.built, wiring.extent);
    %%%%%:  115-block 18
call    0 never executed
branch  1 never executed (fallthrough)
branch  2 never executed (throw)
    #####:  116:        SpawnSystem spawnSystem(paths, wiring.config);
    %%%%%:  116-block 19
call    0 never executed
branch  1 never executed (fallthrough)
branch  2 never executed (throw)
        -:  117:        BuildingSystem buildingSystem(
    #####:  118:            wiring.built, wiring.extent, wiring.config);
    %%%%%:  118-block 20
call    0 never executed
branch  1 never executed (fallthrough)
branch  2 never executed (throw)
        -:  119:
        -:  120:        // The walkers stop with the session, never with the screen.
        -:  121:        // Only that one system stops.
        -:  122:        // The tick, the commit and every observer still run.
        -:  123:        // So the menu is drawn and the run is still paced.
        -:  124:        // A city goes on running while its player reads the map.
        -:  125:        // What stops one is a player asking -- see PauseState.
    #####:  126:        SessionGatedSystem gatedWalkers(walkerSystem, mode);
    %%%%%:  126-block 21
call    0 never executed
        -:  127:
        -:  128:        // The buildings run with them, and on the same terms.
    #####:  129:        SessionGatedSystem gatedSpawns(spawnSystem, mode);
call    0 never executed
        -:  130:
        -:  131:        // And so does the economy.
    #####:  132:        SessionGatedSystem gatedBuildings(buildingSystem, mode);
call    0 never executed
        -:  133:
        -:  134:        // What a pause stops, and all it stops.
        -:  135:        // These three are what make the city move on its own.
        -:  136:        // Everything else carries on.
        -:  137:        // The tick, the commit, the renderer, the bar and the camera.
        -:  138:        // So a paused city can still be panned over and built on.
        -:  139:        // That is the product decision here.
        -:  140:        // This is a build pause rather than a freeze.
        -:  141:        // The same call apps/life makes about drawing on a paused board.
        -:  142:        // A run is paused only where a player has asked for one.
        -:  143:        // A city coming up runs, as it does behind a menu or a map.
        -:  144:        // The way in and out is the bar's pause button, both ways.
        -:  145:        // Owned by the caller, as the camera and the mode are.
        -:  146:        // A renderer built before this call has to read it too.
    #####:  147:        PauseState &pause = wiring.pause;
    #####:  148:        PauseGatedSystem pausedWalkers(gatedWalkers, pause);
call    0 never executed
    #####:  149:        PauseGatedSystem pausedBuildings(gatedBuildings, pause);
call    0 never executed
    #####:  150:        PauseGatedSystem pausedSpawns(gatedSpawns, pause);
call    0 never executed
        -:  151:
    #####:  152:        const auto walkPhase = scheduler.createPhase("walk");
call    0 never executed
call    1 never executed
branch  2 never executed (fallthrough)
branch  3 never executed (throw)
    $$$$$:  152-block 355
    #####:  153:        scheduler.addSystem(walkPhase, pausedWalkers);
    %%%%%:  153-block 29
call    0 never executed
branch  1 never executed (fallthrough)
branch  2 never executed (throw)
        -:  154:
        -:  155:        // After the walk, so a delivery sees this tick's cells.
    #####:  156:        scheduler.addSystem(walkPhase, pausedBuildings);
    %%%%%:  156-block 30
call    0 never executed
branch  1 never executed (fallthrough)
branch  2 never executed (throw)
        -:  157:
        -:  158:        // After the walk, so a walker made this tick sets off next one.
        -:  159:        // Both stage into the same buffer, so neither sees the other.
        -:  160:        // Last, so a building demolished this tick is not re-let now.
    #####:  161:        scheduler.addSystem(walkPhase, pausedSpawns);
    %%%%%:  161-block 31
call    0 never executed
branch  1 never executed (fallthrough)
branch  2 never executed (throw)
        -:  162:
        -:  163:        // A phase of its own, after the walk, for the fires.
        -:  164:        // WalkerSystem writes Ruin when a fireman arrives.
        -:  165:        // This writes Ruin burning one down and tasking the idle.
        -:  166:        // Two writers of one component in one phase is the trap.
        -:  167:        // The phase list exists to avoid, so the commit sits between.
        -:  168:        // Gated as the walk is: a fire burns behind the world map.
        -:  169:        // And holds still only where a player asked.
    #####:  170:        RuinSystem ruinSystem;
        -:  171:
    #####:  172:        SessionGatedSystem gatedRuins(ruinSystem, mode);
    %%%%%:  172-block 32
call    0 never executed
    #####:  173:        PauseGatedSystem pausedRuins(gatedRuins, pause);
call    0 never executed
        -:  174:
    #####:  175:        const auto burnPhase = scheduler.createPhase("burn");
call    0 never executed
call    1 never executed
branch  2 never executed (fallthrough)
branch  3 never executed (throw)
    $$$$$:  175-block 356
    #####:  176:        scheduler.addSystem(burnPhase, pausedRuins);
    %%%%%:  176-block 36
call    0 never executed
branch  1 never executed (fallthrough)
branch  2 never executed (throw)
        -:  177:
        -:  178:        // A phase of its own, after the walk and before the observers.
        -:  179:        // So it sees where this tick left every walker.
        -:  180:        // And a renderer sees the coverage that produced.
        -:  181:        // Both gates, in the order every other system takes them.
        -:  182:        // A city serves itself while its player reads the world map.
        -:  183:        // And stops only where a player asked -- see PauseState.
    #####:  184:        CoverageSystem coverageSystem;
        -:  185:
        -:  186:        // The caller's where there is one, for the drag's reason.
        -:  187:        // A renderer built before this call paints the view off it.
    #####:  188:        DesirabilityField ownDesirability;
    %%%%%:  188-block 37
call    0 never executed
    #####:  189:        DesirabilityField &desirability = wiring.desirability.has_value()
call    0 never executed
    #####:  190:            ? wiring.desirability->get()
branch  0 never executed (fallthrough)
branch  1 never executed
    %%%%%:  190-block 40
call    2 never executed
call    3 never executed
    #####:  191:            : ownDesirability;
    %%%%%:  191-block 42
        -:  192:
    #####:  193:        DesirabilitySystem desirabilitySystem(desirability, wiring.extent);
    %%%%%:  193-block 43
call    0 never executed
        -:  194:
    #####:  195:        SessionGatedSystem gatedCoverage(coverageSystem, mode);
call    0 never executed
    #####:  196:        SessionGatedSystem gatedDesirability(desirabilitySystem, mode);
call    0 never executed
    #####:  197:        PauseGatedSystem pausedCoverage(gatedCoverage, pause);
call    0 never executed
    #####:  198:        PauseGatedSystem pausedDesirability(gatedDesirability, pause);
call    0 never executed
        -:  199:
    #####:  200:        const auto servePhase = scheduler.createPhase("serve");
call    0 never executed
call    1 never executed
branch  2 never executed (fallthrough)
branch  3 never executed (throw)
    $$$$$:  200-block 357
    #####:  201:        scheduler.addSystem(servePhase, pausedCoverage);
    %%%%%:  201-block 50
call    0 never executed
branch  1 never executed (fallthrough)
branch  2 never executed (throw)
    #####:  202:        scheduler.addSystem(servePhase, pausedDesirability);
    %%%%%:  202-block 51
call    0 never executed
branch  1 never executed (fallthrough)
branch  2 never executed (throw)
        -:  203:
        -:  204:        // The goods chain, gated exactly as the walk is.
        -:  205:        // A city runs while its player reads the world map.
        -:  206:        // And it stops only where a player asked.
        -:  207:        // So both gates, in that order.
    #####:  208:        ProductionSystem productionSystem(wiring.config);
    %%%%%:  208-block 52
call    0 never executed
branch  1 never executed (fallthrough)
branch  2 never executed (throw)
    #####:  209:        HaulingSystem haulingSystem(paths, wiring.extent);
    %%%%%:  209-block 53
call    0 never executed
branch  1 never executed (fallthrough)
branch  2 never executed (throw)
        -:  210:        SupplySystem supplySystem(
    #####:  211:            paths, wiring.extent, wiring.config);
    %%%%%:  211-block 54
call    0 never executed
branch  1 never executed (fallthrough)
branch  2 never executed (throw)
        -:  212:
    #####:  213:        SessionGatedSystem gatedProduction(productionSystem, mode);
    %%%%%:  213-block 55
call    0 never executed
    #####:  214:        SessionGatedSystem gatedHauling(haulingSystem, mode);
call    0 never executed
    #####:  215:        SessionGatedSystem gatedSupply(supplySystem, mode);
call    0 never executed
        -:  216:
    #####:  217:        PauseGatedSystem pausedProduction(gatedProduction, pause);
call    0 never executed
    #####:  218:        PauseGatedSystem pausedHauling(gatedHauling, pause);
call    0 never executed
    #####:  219:        PauseGatedSystem pausedSupply(gatedSupply, pause);
call    0 never executed
        -:  220:
        -:  221:        // Two phases rather than one, and the split is load bearing.
        -:  222:        // A phase is where the World's buffers swap.
        -:  223:        // So two systems in one both read what the last swap left.
        -:  224:        // And both write a whole Building back.
        -:  225:        // So a batch added and a cart-load taken is not arithmetic.
        -:  226:        // The later write silently undoes the earlier.
        -:  227:        // The commit between these two is what makes it arithmetic.
    #####:  228:        const auto producePhase = scheduler.createPhase("produce");
call    0 never executed
call    1 never executed
branch  2 never executed (fallthrough)
branch  3 never executed (throw)
    $$$$$:  228-block 358
    #####:  229:        scheduler.addSystem(producePhase, pausedProduction);
    %%%%%:  229-block 63
call    0 never executed
branch  1 never executed (fallthrough)
branch  2 never executed (throw)
        -:  230:
        -:  231:        // Hauling has one to itself.
        -:  232:        // It writes every producer, loading a cart out of each.
    #####:  233:        const auto haulPhase = scheduler.createPhase("haul");
    %%%%%:  233-block 64
call    0 never executed
call    1 never executed
branch  2 never executed (fallthrough)
branch  3 never executed (throw)
    $$$$$:  233-block 359
    #####:  234:        scheduler.addSystem(haulPhase, pausedHauling);
    %%%%%:  234-block 66
call    0 never executed
branch  1 never executed (fallthrough)
branch  2 never executed (throw)
        -:  235:
        -:  236:        // And the supply of what a building cannot make has another.
        -:  237:        // These two used to share the haul phase.
        -:  238:        // Which was safe while no building was both ends of it.
        -:  239:        // A cart is loaded out of a producer.
        -:  240:        // A buyer is loaded out of a storehouse.
        -:  241:        // A workshop is both: pottery out, clay in.
        -:  242:        // So the two would write one Building in one phase.
        -:  243:        // And the later write would silently undo the earlier.
        -:  244:        // The commit between them is what makes it arithmetic.
    #####:  245:        const auto supplyPhase = scheduler.createPhase("supply");
    %%%%%:  245-block 67
call    0 never executed
call    1 never executed
branch  2 never executed (fallthrough)
branch  3 never executed (throw)
    $$$$$:  245-block 360
    #####:  246:        scheduler.addSystem(supplyPhase, pausedSupply);
    %%%%%:  246-block 69
call    0 never executed
branch  1 never executed (fallthrough)
branch  2 never executed (throw)
        -:  247:
        -:  248:        // After the goods have moved and before anything is drawn.
        -:  249:        // So a house is judged on the shelves this tick filled.
        -:  250:        // The field it judges its ground by is the serve phase's.
        -:  251:        // Which is this tick's too, two phases earlier.
        -:  252:        // Both gates, in the order every other system takes them.
    #####:  253:        HousingSystem housingSystem(desirability, wiring.config);
    %%%%%:  253-block 70
call    0 never executed
branch  1 never executed (fallthrough)
branch  2 never executed (throw)
        -:  254:
    #####:  255:        SessionGatedSystem gatedHousing(housingSystem, mode);
    %%%%%:  255-block 71
call    0 never executed
    #####:  256:        PauseGatedSystem pausedHousing(gatedHousing, pause);
call    0 never executed
        -:  257:
    #####:  258:        const auto settlePhase = scheduler.createPhase("settle");
call    0 never executed
call    1 never executed
branch  2 never executed (fallthrough)
branch  3 never executed (throw)
    $$$$$:  258-block 361
    #####:  259:        scheduler.addSystem(settlePhase, pausedHousing);
    %%%%%:  259-block 75
call    0 never executed
branch  1 never executed (fallthrough)
branch  2 never executed (throw)
        -:  260:
        -:  261:        // A phase of its own rather than a second entry in "settle".
        -:  262:        // Because a phase is where the World's buffers swap.
        -:  263:        // HousingSystem writes a whole Household back.
        -:  264:        // And so does PopulationSystem.
        -:  265:        // Two of them in one phase both read what the last swap left.
        -:  266:        // So the tier one wrote and the occupancy the other wrote.
        -:  267:        // Could not both survive the tick they were written in.
        -:  268:        // The later write would silently undo the earlier one.
        -:  269:        // Some of the time, which is the worst kind.
        -:  270:        // The commit between these two is what makes them sequential.
        -:  271:        //
        -:  272:        // Labour shares the phase, and that is safe on its own terms.
        -:  273:        // It writes Workforce, which nothing else writes.
        -:  274:        // And it reads the population as the settle phase left it.
        -:  275:        // Which is one tick behind the one being counted here.
        -:  276:        // A person arriving is employable from the following tick.
        -:  277:        // Both gates, in the order every other system takes them.
        -:  278:        PopulationSystem populationSystem(
        -:  279:            paths,
    #####:  280:            wiring.built,
        -:  281:            desirability,
        -:  282:            wiring.extent,
    #####:  283:            wiring.config);
    %%%%%:  283-block 76
call    0 never executed
        -:  284:
    #####:  285:        SessionGatedSystem gatedPopulation(populationSystem, mode);
call    0 never executed
    #####:  286:        PauseGatedSystem pausedPopulation(gatedPopulation, pause);
call    0 never executed
        -:  287:
    #####:  288:        const auto populatePhase = scheduler.createPhase("populate");
call    0 never executed
call    1 never executed
branch  2 never executed (fallthrough)
branch  3 never executed (throw)
    $$$$$:  288-block 362
    #####:  289:        scheduler.addSystem(populatePhase, pausedPopulation);
    %%%%%:  289-block 81
call    0 never executed
branch  1 never executed (fallthrough)
branch  2 never executed (throw)
        -:  290:
        -:  291:        // Labour walks now, and its two systems have a phase each.
        -:  292:        // Staffing writes Staff, Employment and the labourers.
        -:  293:        // In a phase of its own after the walk.
        -:  294:        // So it moves people off where this tick left every labourer.
        -:  295:        // Dispatch writes Employment and Building too.
        -:  296:        // Two writers of one component in one phase is the trap.
        -:  297:        // The phase list exists to avoid it, so this runs after.
        -:  298:        // A person who arrived this tick is employable next one.
    #####:  299:        StaffingSystem staffingSystem(wiring.config);
    %%%%%:  299-block 82
call    0 never executed
branch  1 never executed (fallthrough)
branch  2 never executed (throw)
    #####:  300:        LabourDispatchSystem dispatchSystem(paths, wiring.config);
    %%%%%:  300-block 83
call    0 never executed
        -:  301:
    #####:  302:        SessionGatedSystem gatedStaffing(staffingSystem, mode);
call    0 never executed
    #####:  303:        SessionGatedSystem gatedDispatch(dispatchSystem, mode);
call    0 never executed
    #####:  304:        PauseGatedSystem pausedStaffing(gatedStaffing, pause);
call    0 never executed
    #####:  305:        PauseGatedSystem pausedDispatch(gatedDispatch, pause);
call    0 never executed
        -:  306:
    #####:  307:        const auto staffPhase = scheduler.createPhase("staff");
call    0 never executed
call    1 never executed
branch  2 never executed (fallthrough)
branch  3 never executed (throw)
    $$$$$:  307-block 363
    #####:  308:        scheduler.addSystem(staffPhase, pausedStaffing);
    %%%%%:  308-block 90
call    0 never executed
branch  1 never executed (fallthrough)
branch  2 never executed (throw)
        -:  309:
    #####:  310:        const auto hirePhase = scheduler.createPhase("hire");
    %%%%%:  310-block 91
call    0 never executed
call    1 never executed
branch  2 never executed (fallthrough)
branch  3 never executed (throw)
    $$$$$:  310-block 364
    #####:  311:        scheduler.addSystem(hirePhase, pausedDispatch);
    %%%%%:  311-block 93
call    0 never executed
branch  1 never executed (fallthrough)
branch  2 never executed (throw)
        -:  312:
        -:  313:        // A phase of its own.
        -:  314:        // A renderer then sees the generation this walk produced.
    #####:  315:        const auto observePhase = scheduler.createPhase("observe");
    %%%%%:  315-block 94
call    0 never executed
call    1 never executed
branch  2 never executed (fallthrough)
branch  3 never executed (throw)
    $$$$$:  315-block 365
        -:  316:
        -:  317:        // Ahead of the observers, and in this phase rather than the last.
        -:  318:        // So it rates the city this tick left rather than the one before.
        -:  319:        // Everything that moves a person or a job has committed by now.
    #####:  320:        CityRatings ratings;
    #####:  321:        RatingsSystem ratingsSystem(ratings);
    %%%%%:  321-block 96
call    0 never executed
        -:  322:
    #####:  323:        SessionGatedSystem gatedRatings(ratingsSystem, mode);
call    0 never executed
    #####:  324:        PauseGatedSystem pausedRatings(gatedRatings, pause);
call    0 never executed
        -:  325:
    #####:  326:        scheduler.addSystem(observePhase, pausedRatings);
call    0 never executed
branch  1 never executed (fallthrough)
branch  2 never executed (throw)
        -:  327:
    #####:  328:        for (auto &observer : wiring.observers)
    %%%%%:  328-block 100
call    0 never executed
call    1 never executed
    %%%%%:  328-block 115
branch  2 never executed
branch  3 never executed (fallthrough)
        -:  329:        {
    #####:  330:            scheduler.addSystem(observePhase, observer.get());
    %%%%%:  330-block 104
call    0 never executed
call    1 never executed
branch  2 never executed (fallthrough)
branch  3 never executed (throw)
        -:  331:        }
        -:  332:
    #####:  333:        GameState state;
    #####:  334:        state.money = wiring.config.startingMoney;
    #####:  335:        GameStateReducer reducer(state);
    %%%%%:  335-block 116
call    0 never executed
branch  1 never executed (fallthrough)
branch  2 never executed (throw)
        -:  336:
        -:  337:        // A run with no toolbar still needs something the grid can ask.
        -:  338:        // An overlay nothing writes covers nothing.
        -:  339:        // So every click is the world's, which is what that means.
    #####:  340:        UiOverlay noToolbar;
    %%%%%:  340-block 117
call    0 never executed
branch  1 never executed (fallthrough)
branch  2 never executed (throw)
    #####:  341:        const bool hasToolbar = wiring.overlay.has_value();
    %%%%%:  341-block 118
call    0 never executed
    #####:  342:        UiOverlay &ui = hasToolbar ? wiring.overlay->get() : noToolbar;
branch  0 never executed (fallthrough)
branch  1 never executed
    %%%%%:  342-block 120
call    2 never executed
call    3 never executed
    %%%%%:  342-block 122
        -:  343:
        -:  344:        // The menu's own picture, never the toolbar's.
        -:  345:        // The two belong to different modes.
        -:  346:        // Neither may overwrite the other's.
    #####:  347:        UiOverlay noMenu;
    %%%%%:  347-block 123
call    0 never executed
branch  1 never executed (fallthrough)
branch  2 never executed (throw)
    #####:  348:        UiOverlay &menuUi = wiring.menuOverlay.has_value()
    %%%%%:  348-block 124
call    0 never executed
    #####:  349:                                ? wiring.menuOverlay->get()
branch  0 never executed (fallthrough)
branch  1 never executed
    %%%%%:  349-block 126
call    2 never executed
call    3 never executed
    #####:  350:                                : noMenu;
    %%%%%:  350-block 128
        -:  351:
        -:  352:        // A run with no world map still has one city, permanently open.
        -:  353:        // So the grid is not gated off by a map that is not there.
        -:  354:        // The world itself is empty, and nothing draws it.
    #####:  355:        WorldMapState oneCity{WorldMap{}};
    %%%%%:  355-block 129
call    0 never executed
branch  1 never executed (fallthrough)
branch  2 never executed (throw)
    %%%%%:  355-block 130
call    3 never executed
    $$$$$:  355-block 367
call    4 never executed
    $$$$$:  355-block 369
        -:  356:        WorldMapState &cities =
    #####:  357:            wiring.world.has_value() ? wiring.world->get() : oneCity;
call    0 never executed
branch  1 never executed (fallthrough)
branch  2 never executed
    %%%%%:  357-block 133
call    3 never executed
call    4 never executed
    %%%%%:  357-block 135
        -:  358:
        -:  359:        // A run with nobody to show a preview to still drags roads out.
        -:  360:        // So one is made here when no caller has offered one.
    #####:  361:        RoadDrag ownDrag;
        -:  362:        RoadDrag &drag =
    #####:  363:            wiring.drag.has_value() ? wiring.drag->get() : ownDrag;
    %%%%%:  363-block 136
call    0 never executed
branch  1 never executed (fallthrough)
branch  2 never executed
    %%%%%:  363-block 138
call    3 never executed
call    4 never executed
    %%%%%:  363-block 140
        -:  364:
        -:  365:        // And one with nobody to paint an overlay for still runs.
        -:  366:        // So one of those is made here on exactly those terms.
    #####:  367:        MapViewState ownView;
        -:  368:        MapViewState &view =
    #####:  369:            wiring.view.has_value() ? wiring.view->get() : ownView;
    %%%%%:  369-block 141
call    0 never executed
branch  1 never executed (fallthrough)
branch  2 never executed
    %%%%%:  369-block 143
call    3 never executed
call    4 never executed
    %%%%%:  369-block 145
        -:  370:
        -:  371:        // The four that are swapped together, named together.
        -:  372:        // A city is opened by putting its contents into these.
        -:  373:        // Declared here rather than beside the world-map sink.
        -:  374:        // The game menu puts a city away through the same four.
        -:  375:        const LiveGrid live{
        -:  376:            .world = world,
        -:  377:            .paths = paths,
    #####:  378:            .built = wiring.built,
    #####:  379:            .camera = camera};
        -:  380:
        -:  381:        SessionStore session(
        -:  382:            world,
        -:  383:            paths,
        -:  384:            wiring.built,
        -:  385:            camera,
        -:  386:            state,
        -:  387:            wiring.extent,
    #####:  388:            wiring.seed);
    %%%%%:  388-block 146
call    0 never executed
branch  1 never executed (fallthrough)
branch  2 never executed (throw)
        -:  389:
        -:  390:        // What the top bar's game menu does, written once.
        -:  391:        // The menu modal's own way out goes through it too.
        -:  392:        // So leaving for the main menu is one transition, not two.
        -:  393:        MenuCommands commands(
    #####:  394:            mode, session, cities, live, camera, wiring.config);
    %%%%%:  394-block 147
call    0 never executed
branch  1 never executed (fallthrough)
branch  2 never executed (throw)
        -:  395:
        -:  396:        // What the bar's buttons and the bound keys both ask for.
        -:  397:        // Stated once so the two routes to a zoom cannot drift.
    #####:  398:        ViewCommands viewCommands(camera, pause, camera);
    %%%%%:  398-block 148
call    0 never executed
        -:  399:
    #####:  400:        const Toolbar toolbar(translator);
call    0 never executed
branch  1 never executed (fallthrough)
branch  2 never executed (throw)
    #####:  401:        const MenuModalScene menuModal(translator);
    %%%%%:  401-block 150
call    0 never executed
branch  1 never executed (fallthrough)
branch  2 never executed (throw)
    #####:  402:        InputFold input(wiring.codec);
    %%%%%:  402-block 151
call    0 never executed
branch  1 never executed (fallthrough)
branch  2 never executed (throw)
        -:  403:        UiSink uiSink(
        -:  404:            camera,
        -:  405:            ui,
        -:  406:            input,
        -:  407:            toolbar,
        -:  408:            pause,
        -:  409:            view,
        -:  410:            commands,
        -:  411:            drag,
        -:  412:            menuModal,
        -:  413:            viewCommands,
        -:  414:            ratings,
    #####:  415:            state);
    %%%%%:  415-block 152
call    0 never executed
branch  1 never executed (fallthrough)
branch  2 never executed (throw)
        -:  416:        GridSink gridSink(
        -:  417:            world,
        -:  418:            paths,
        -:  419:            camera,
        -:  420:            wiring.extent,
        -:  421:            scheduler,
        -:  422:            input,
        -:  423:            ui,
        -:  424:            cities,
        -:  425:            wiring.built,
        -:  426:            drag,
        -:  427:            state,
    #####:  428:            wiring.config);
    %%%%%:  428-block 153
call    0 never executed
branch  1 never executed (fallthrough)
branch  2 never executed (throw)
        -:  429:
        -:  430:        WorldMapSink worldSink(
    #####:  431:            cities, mode, live, input, wiring.canvas);
    %%%%%:  431-block 154
call    0 never executed
branch  1 never executed (fallthrough)
branch  2 never executed (throw)
    #####:  432:        StopSignal stopSignal;
        -:  433:
        -:  434:        // Owned here rather than by the caller.
        -:  435:        // Unlike the camera and the mode, nothing outside reads it.
        -:  436:        // The options screen is drawn off the menu's own overlay.
        -:  437:        // By the menu's own scene.
        -:  438:        // So a renderer never has to know that it exists.
    #####:  439:        OptionsState options;
    #####:  440:        BindingSink bindingSink(options);
    %%%%%:  440-block 155
call    0 never executed
        -:  441:
    #####:  442:        const MainMenuScene menuScene(translator);
call    0 never executed
branch  1 never executed (fallthrough)
branch  2 never executed (throw)
        -:  443:        const OptionsScene optionsScene(
    #####:  444:            translator, localeState.languages());
    %%%%%:  444-block 157
call    0 never executed
call    1 never executed
branch  2 never executed (fallthrough)
branch  3 never executed (throw)
        -:  445:        MainMenuSink menuSink(
        -:  446:            mode,
        -:  447:            menuUi,
        -:  448:            input,
        -:  449:            menuScene,
        -:  450:            stopSignal,
        -:  451:            options,
        -:  452:            optionsScene,
    #####:  453:            localeState);
    %%%%%:  453-block 159
call    0 never executed
branch  1 never executed (fallthrough)
branch  2 never executed (throw)
        -:  454:
        -:  455:        // The camera it puts back is the one this run opened with.
        -:  456:        // Copied here exactly as the bar's reset button copies it.
        -:  457:        // So the key and the button agree about where back is.
    #####:  458:        HotkeySink hotkeySink(options, input, viewCommands);
    %%%%%:  458-block 160
call    0 never executed
        -:  459:
        -:  460:        // The save screen's own picture, never the menu's or the bar's.
        -:  461:        // Three modes, three overlays, for the reason the menu has one.
    #####:  462:        UiOverlay noSaveScreen;
call    0 never executed
branch  1 never executed (fallthrough)
branch  2 never executed (throw)
    #####:  463:        UiOverlay &saveUi = wiring.saveOverlay.has_value()
    %%%%%:  463-block 162
call    0 never executed
    #####:  464:                                ? wiring.saveOverlay->get()
branch  0 never executed (fallthrough)
branch  1 never executed
    %%%%%:  464-block 164
call    2 never executed
call    3 never executed
    #####:  465:                                : noSaveScreen;
    %%%%%:  465-block 166
        -:  466:
        -:  467:        // Restored before the first tick.
        -:  468:        // Through the very store the Load button uses.
        -:  469:        // So the two cannot come out differently.
    #####:  470:        if (wiring.start.has_value())
    %%%%%:  470-block 167
call    0 never executed
branch  1 never executed (fallthrough)
branch  2 never executed
        -:  471:        {
    #####:  472:            session.restore(*wiring.start);
    %%%%%:  472-block 169
call    0 never executed
call    1 never executed
branch  2 never executed (fallthrough)
branch  3 never executed (throw)
        -:  473:        }
        -:  474:
    #####:  475:        SaveLoadState saveState(wiring.saves);
    %%%%%:  475-block 171
call    0 never executed
branch  1 never executed (fallthrough)
branch  2 never executed (throw)
    %%%%%:  475-block 172
call    3 never executed
branch  4 never executed (fallthrough)
branch  5 never executed (throw)
    %%%%%:  475-block 173
call    6 never executed
    $$$$$:  475-block 370
call    7 never executed
    $$$$$:  475-block 372
    #####:  476:        const SaveLoadScene saveScene(translator);
call    0 never executed
branch  1 never executed (fallthrough)
branch  2 never executed (throw)
        -:  477:        SaveLoadSink saveSink(
        -:  478:            saveState,
        -:  479:            mode,
        -:  480:            saveUi,
        -:  481:            input,
        -:  482:            saveScene,
        -:  483:            session,
    #####:  484:            wiring.saveDirectory);
    %%%%%:  484-block 175
call    0 never executed
branch  1 never executed (fallthrough)
branch  2 never executed (throw)
    %%%%%:  484-block 176
call    3 never executed
branch  4 never executed (fallthrough)
branch  5 never executed (throw)
    %%%%%:  484-block 177
call    6 never executed
    $$$$$:  484-block 373
call    7 never executed
    $$$$$:  484-block 375
        -:  485:
        -:  486:        // Gated on the mode rather than checking one themselves.
        -:  487:        // What a mode changes is what a click means.
        -:  488:        // So engine.tick still reaches both -- see ModeGatedSink.
    #####:  489:        ModeGatedSink playingUi(uiSink, mode, AppMode::CityMap);
call    0 never executed
    #####:  490:        ModeGatedSink playingGrid(gridSink, mode, AppMode::CityMap);
call    0 never executed
        -:  491:
        -:  492:        // A hotkey acts on the city, so it is gated like the bar is.
        -:  493:        // The screen the keys are bound on is the main menu's.
        -:  494:        // So choosing a key cannot also fire what it is bound to.
    #####:  495:        ModeGatedSink playingHotkeys(hotkeySink, mode, AppMode::CityMap);
call    0 never executed
        -:  496:
        -:  497:        // The console's own picture, which turns the console on.
        -:  498:        // Absent, no sink is registered and the state stays closed.
        -:  499:        // So every gate below forwards everything, untouched.
    #####:  500:        UiOverlay noConsole;
call    0 never executed
branch  1 never executed (fallthrough)
branch  2 never executed (throw)
    #####:  501:        const bool hasConsole = wiring.consoleOverlay.has_value();
    %%%%%:  501-block 182
call    0 never executed
        -:  502:        UiOverlay &consoleUi = hasConsole
    #####:  503:                                   ? wiring.consoleOverlay->get()
branch  0 never executed (fallthrough)
branch  1 never executed
    %%%%%:  503-block 184
call    2 never executed
call    3 never executed
    #####:  504:                                   : noConsole;
    %%%%%:  504-block 186
        -:  505:
    #####:  506:        ConsoleState console;
    %%%%%:  506-block 187
call    0 never executed
        -:  507:        const ConsoleScene consoleScene;
        -:  508:        // The excluded line carries this expression's unwind block.
    #####:  509:        // It is entered only if the path copy two lines down throws.
    $$$$$:  509-block 376
        -:  510:        // The same landing pad Board.cpp's closing brace documents.
        -:  511:        ConsoleSink consoleSink(
        -:  512:            ConsoleSinkSetup{ // GCOVR_EXCL_LINE
        -:  513:                .console = console,
        -:  514:                .mode = mode,
        -:  515:                .options = options,
        -:  516:                .input = input,
        -:  517:                .overlay = consoleUi,
        -:  518:                .scene = consoleScene,
        -:  519:                .session = session,
        -:  520:                .pause = pause,
    #####:  521:                .view = view,
    #####:  522:                .toolbar = ui,
call    0 never executed
branch  1 never executed (fallthrough)
branch  2 never executed (throw)
    %%%%%:  522-block 189
call    3 never executed
branch  4 never executed (fallthrough)
branch  5 never executed (throw)
    %%%%%:  522-block 190
call    6 never executed
    $$$$$:  522-block 377
call    7 never executed
    $$$$$:  522-block 379
        -:  523:                .locale = localeState,
        -:  524:                .loadEnabled = wiring.consoleLoadEnabled},
        -:  525:            wiring.stateDumpPath);
        -:  526:
        -:  527:        // The console is on top, so what it stands over it takes.
    #####:  528:        // Every sink reading the city's keys or pixels is wrapped.
call    0 never executed
    #####:  529:        // The world-map key is one of the city's keys.
call    0 never executed
    #####:  530:        ConsoleGatedSink consoleGatedHotkeys(
call    0 never executed
    #####:  531:            playingHotkeys, console, input);
call    0 never executed
        -:  532:        ConsoleGatedSink consoleGatedUi(playingUi, console, input);
        -:  533:        ConsoleGatedSink consoleGatedGrid(playingGrid, console, input);
        -:  534:        ConsoleGatedSink consoleGatedWorld(worldSink, console, input);
        -:  535:
        -:  536:        // The fold is first.
        -:  537:        // What it holds is the event the sinks after it are given now.
        -:  538:        // It is also the only thing that clears an edge.
        -:  539:        // So the tick boundary is one rule in one place.
        -:  540:        // GridSink runs the scheduler on engine.tick.
        -:  541:        // So anything that must show in this frame is folded before it.
        -:  542:        // UiSink still comes before it.
        -:  543:        // So a press is resolved against the bar before the grid sees it.
        -:  544:        // And the picture is described before the renderer paints it.
        -:  545:        // The mode is committed straight after the fold.
        -:  546:        // A change staged last tick lands before anything gated reads it.
        -:  547:        // MainMenuSink is before the grid's for the reason UiSink is.
        -:  548:        // A press is resolved against what is on screen first.
        -:  549:        // WorldMapSink is between the bar and the grid for the same one.
        -:  550:        // A press that opens a city must not also build in it.
        -:  551:        // SaveLoadSink is beside MainMenuSink for the same reason.
        -:  552:        // Both gate themselves, and both own a whole screen.
        -:  553:        // BindingSink is immediately after the mode.
        -:  554:        // Ahead of every sink that reads a key.
        -:  555:        // The machine's layout is announced on the first tick.
        -:  556:        // Before that tick's own input.
        -:  557:        // A sink reading a binding this one has not folded yet.
        -:  558:        // Would be reading a layout nobody was playing.
        -:  559:        // Beside the mode, and for its reason exactly.
        -:  560:        // A language staged last tick lands before anything lays out.
        -:  561:        // ConsoleSink is ahead of everything it gates.
    #####:  562:        // A press has to be the console's before the city may ask.
call    0 never executed
call    1 never executed
call    2 never executed
call    3 never executed
call    4 never executed
call    5 never executed
call    6 never executed
    %%%%%:  562-block 204
call    7 never executed
branch  8 never executed (fallthrough)
branch  9 never executed (throw)
    $$$$$:  562-block 382
    $$$$$:  562-block 383
        -:  563:        std::vector<std::reference_wrapper<ITickEventSink>> timedSinks{
        -:  564:            input, mode, localeState, bindingSink, reducer, menuSink,
        -:  565:            saveSink};
    #####:  566:
    %%%%%:  566-block 206
branch  0 never executed (fallthrough)
branch  1 never executed
        -:  567:        // Registered only when there is somewhere to put the picture.
    #####:  568:        // "No console" then means no console, not an invisible one.
    %%%%%:  568-block 207
call    0 never executed
call    1 never executed
branch  2 never executed (fallthrough)
branch  3 never executed (throw)
    %%%%%:  568-block 209
    $$$$$:  568-block 384
        -:  569:        if (hasConsole)
        -:  570:        {
    #####:  571:            timedSinks.push_back(consoleSink);
    %%%%%:  571-block 210
call    0 never executed
call    1 never executed
branch  2 never executed (fallthrough)
branch  3 never executed (throw)
    $$$$$:  571-block 385
        -:  572:        }
        -:  573:
        -:  574:        timedSinks.push_back(consoleGatedHotkeys);
        -:  575:
        -:  576:        // Registered only when there is somewhere to put the picture.
    #####:  577:        // Otherwise the bar is described against a zero canvas.
    %%%%%:  577-block 212
branch  0 never executed (fallthrough)
branch  1 never executed
        -:  578:        // Which no click can hit, so nothing is ever hovered or pressed.
    #####:  579:        // "No toolbar" then means no toolbar, not an unhittable one.
    %%%%%:  579-block 213
call    0 never executed
call    1 never executed
branch  2 never executed (fallthrough)
branch  3 never executed (throw)
    %%%%%:  579-block 215
    $$$$$:  579-block 386
        -:  580:        if (hasToolbar)
        -:  581:        {
        -:  582:            timedSinks.push_back(consoleGatedUi);
        -:  583:        }
        -:  584:
    #####:  585:        // Registered only when there is a world to map.
    %%%%%:  585-block 216
call    0 never executed
branch  1 never executed (fallthrough)
branch  2 never executed
        -:  586:        // A run with one city has nowhere to go back to.
    #####:  587:        // The way-back key would then put its only grid away.
    %%%%%:  587-block 218
call    0 never executed
call    1 never executed
branch  2 never executed (fallthrough)
branch  3 never executed (throw)
    %%%%%:  587-block 220
    $$$$$:  587-block 387
        -:  588:        if (wiring.world.has_value())
        -:  589:        {
    #####:  590:            timedSinks.push_back(consoleGatedWorld);
    %%%%%:  590-block 221
call    0 never executed
call    1 never executed
branch  2 never executed (fallthrough)
branch  3 never executed (throw)
    $$$$$:  590-block 388
    #####:  591:        }
    %%%%%:  591-block 223
call    0 never executed
call    1 never executed
branch  2 never executed (fallthrough)
branch  3 never executed (throw)
    $$$$$:  591-block 389
        -:  592:
    #####:  593:        timedSinks.push_back(consoleGatedGrid);
    %%%%%:  593-block 225
call    0 never executed
branch  1 never executed (fallthrough)
branch  2 never executed
        -:  594:        timedSinks.push_back(stopSignal);
    #####:  595:
    %%%%%:  595-block 227
call    0 never executed
call    1 never executed
call    2 never executed
call    3 never executed
branch  4 never executed (fallthrough)
branch  5 never executed (throw)
    %%%%%:  595-block 231
    $$$$$:  595-block 390
        -:  596:        if (wiring.replayRecorder.has_value())
    #####:  597:        {
    %%%%%:  597-block 232
call    0 never executed
branch  1 never executed (fallthrough)
branch  2 never executed (throw)
    %%%%%:  597-block 233
call    3 never executed
branch  4 never executed (fallthrough)
branch  5 never executed (throw)
    %%%%%:  597-block 234
call    6 never executed
    $$$$$:  597-block 391
call    7 never executed
    $$$$$:  597-block 393
        -:  598:            timedSinks.push_back(wiring.replayRecorder->get());
    #####:  599:        }
call    0 never executed
branch  1 never executed (fallthrough)
branch  2 never executed (throw)
    #####:  600:        TickedEventDispatcher tickedDispatcher(dispatcher, timedSinks);
    %%%%%:  600-block 236
call    0 never executed
    #####:  601:
call    0 never executed
branch  1 never executed (fallthrough)
branch  2 never executed (throw)
        -:  602:        Engine engine(logger, tickedDispatcher);
    #####:  603:        Game game(engine, logger);
    %%%%%:  603-block 238
call    0 never executed
branch  1 never executed (fallthrough)
branch  2 never executed (throw)
    #####:  604:        game.run();
    %%%%%:  604-block 239
call    0 never executed
branch  1 never executed (fallthrough)
branch  2 never executed (throw)
        -:  605:
        -:  606:        EngineLoop loop(engine, tickedDispatcher, wiring.inputSource);
        -:  607:        loop.run(stopSignal, wiring.maxTicks);
    #####:  608:
    %%%%%:  608-block 241
call    0 never executed
branch  1 never executed (fallthrough)
branch  2 never executed (throw)
    #####:  609:        // Taken while the World is still here.
    %%%%%:  609-block 240
call    0 never executed
branch  1 never executed (fallthrough)
branch  2 never executed (throw)
    %%%%%:  609-block 242
call    3 never executed
    $$$$$:  609-block 394
call    4 never executed
    $$$$$:  609-block 396
        -:  610:        // A save is read out of it rather than out of the summary.
        -:  611:        antwika::game::saveGameFileIfNamed(
        -:  612:            session.take(), wiring.savePath);
        -:  613:
        -:  614:        // The layout this session ended on.
    #####:  615:        // Left where the next live run will find it.
    #####:  616:        // A replay names nowhere.
call    0 never executed
branch  1 never executed (fallthrough)
branch  2 never executed (throw)
    $$$$$:  616-block 397
    #####:  617:        // So replaying somebody else's session rebinds nothing here.
    #####:  618:        antwika::game::saveOptionsFileIfNamed(
call    0 never executed
    #####:  619:            PlayerOptions{
call    0 never executed
        -:  620:                .bindings = options.bindings(),
        -:  621:                .locale = options.locale()},
    #####:  622:            wiring.optionsPath);
    %%%%%:  622-block 246
call    0 never executed
branch  1 never executed (fallthrough)
branch  2 never executed (throw)
        -:  623:
        -:  624:        const auto frame =
        -:  625:            snapshotOf(world, paths, camera, wiring.extent);
        -:  626:
        -:  627:        // Read out here rather than inside the record below.
        -:  628:        // A call among an aggregate's vector members needs a pad.
        -:  629:        // To destroy the half-built record it was made in.
        -:  630:        // Which is a landing pad on a line nothing reaches.
        -:  631:        //
    #####:  632:        // Worked out again rather than copied off the local above.
    %%%%%:  632-block 247
call    0 never executed
branch  1 never executed (fallthrough)
branch  2 never executed (throw)
        -:  633:        // That one is what the bar was last told, and is gated.
        -:  634:        // This is what the city amounts to, gate or no gate.
        -:  635:        const auto finalRatings = ratingsOf(world);
        -:  636:
    #####:  637:        // Every branch left on the excluded line is the allocator's.
    %%%%%:  637-block 248
call    0 never executed
branch  1 never executed (fallthrough)
branch  2 never executed (throw)
    %%%%%:  637-block 249
call    3 never executed
branch  4 never executed (fallthrough)
branch  5 never executed (throw)
    %%%%%:  637-block 250
call    6 never executed
branch  7 never executed (fallthrough)
branch  8 never executed (throw)
    %%%%%:  637-block 251
call    9 never executed
branch 10 never executed (fallthrough)
branch 11 never executed (throw)
    %%%%%:  637-block 252
call   12 never executed
call   13 never executed
branch 14 never executed (fallthrough)
branch 15 never executed (throw)
    %%%%%:  637-block 256
branch 16 never executed (fallthrough)
branch 17 never executed
    %%%%%:  637-block 257
call   18 never executed
    %%%%%:  637-block 258
branch 19 never executed (fallthrough)
branch 20 never executed
    %%%%%:  637-block 259
call   21 never executed
    %%%%%:  637-block 260
branch 22 never executed (fallthrough)
branch 23 never executed
    %%%%%:  637-block 261
call   24 never executed
    %%%%%:  637-block 262
branch 25 never executed (fallthrough)
branch 26 never executed
    %%%%%:  637-block 263
call   27 never executed
    %%%%%:  637-block 264
branch 28 never executed (fallthrough)
branch 29 never executed
    %%%%%:  637-block 267
call   30 never executed
    $$$$$:  637-block 398
branch 31 never executed (fallthrough)
branch 32 never executed
    $$$$$:  637-block 399
call   33 never executed
    $$$$$:  637-block 401
branch 34 never executed (fallthrough)
branch 35 never executed
    $$$$$:  637-block 402
call   36 never executed
    $$$$$:  637-block 404
branch 37 never executed (fallthrough)
branch 38 never executed
    $$$$$:  637-block 405
call   39 never executed
    $$$$$:  637-block 407
branch 40 never executed (fallthrough)
branch 41 never executed
    $$$$$:  637-block 410
call   42 never executed
        -:  638:        // Two are the throw edges of copying the two vectors.
        -:  639:        // The last is a heap branch nothing here is large enough to take.
        -:  640:        return GameSummary{ // GCOVR_EXCL_LINE
        -:  641:            .state = state,
        -:  642:            .paths = frame.paths,
        -:  643:            .walkers = walkerViewsOf(world),
        -:  644:            .buildings = buildingViewsOf(world),
        -:  645:            .ruins = ruinViewsOf(world),
    #####:  646:            .camera = camera,
    %%%%%:  646-block 254
call    0 never executed
    %%%%%:  646-block 265
    %%%%%:  646-block 266
    %%%%%:  646-block 347
        -:  647:            .ratings = finalRatings,
        -:  648:            .console = console.history(),
    #####:  649:            .bindings = options.bindings()};
    %%%%%:  649-block 269
call    0 never executed
call    1 never executed
call    2 never executed
call    3 never executed
call    4 never executed
call    5 never executed
call    6 never executed
call    7 never executed
call    8 never executed
call    9 never executed
call   10 never executed
call   11 never executed
call   12 never executed
call   13 never executed
call   14 never executed
call   15 never executed
call   16 never executed
call   17 never executed
call   18 never executed
call   19 never executed
call   20 never executed
call   21 never executed
call   22 never executed
call   23 never executed
call   24 never executed
call   25 never executed
call   26 never executed
call   27 never executed
call   28 never executed
call   29 never executed
call   30 never executed
call   31 never executed
call   32 never executed
call   33 never executed
call   34 never executed
call   35 never executed
call   36 never executed
call   37 never executed
call   38 never executed
call   39 never executed
call   40 never executed
call   41 never executed
call   42 never executed
call   43 never executed
call   44 never executed
call   45 never executed
call   46 never executed
call   47 never executed
call   48 never executed
call   49 never executed
call   50 never executed
call   51 never executed
call   52 never executed
call   53 never executed
call   54 never executed
call   55 never executed
call   56 never executed
call   57 never executed
call   58 never executed
call   59 never executed
call   60 never executed
call   61 never executed
call   62 never executed
call   63 never executed
call   64 never executed
call   65 never executed
call   66 never executed
call   67 never executed
call   68 never executed
call   69 never executed
call   70 never executed
call   71 never executed
call   72 never executed
call   73 never executed
call   74 never executed
call   75 never executed
call   76 never executed
    $$$$$:  649-block 413
call   77 never executed
    $$$$$:  649-block 415
call   78 never executed
    $$$$$:  649-block 417
call   79 never executed
    $$$$$:  649-block 419
call   80 never executed
    $$$$$:  649-block 421
call   81 never executed
    $$$$$:  649-block 423
call   82 never executed
    $$$$$:  649-block 425
call   83 never executed
    $$$$$:  649-block 427
call   84 never executed
    $$$$$:  649-block 429
call   85 never executed
    $$$$$:  649-block 431
call   86 never executed
    $$$$$:  649-block 433
call   87 never executed
    $$$$$:  649-block 435
call   88 never executed
    $$$$$:  649-block 437
call   89 never executed
    $$$$$:  649-block 439
call   90 never executed
    $$$$$:  649-block 441
call   91 never executed
    $$$$$:  649-block 443
call   92 never executed
    $$$$$:  649-block 445
call   93 never executed
    $$$$$:  649-block 447
call   94 never executed
    $$$$$:  649-block 449
call   95 never executed
    $$$$$:  649-block 451
call   96 never executed
    $$$$$:  649-block 453
call   97 never executed
    $$$$$:  649-block 455
call   98 never executed
    $$$$$:  649-block 457
call   99 never executed
    $$$$$:  649-block 459
call   100 never executed
    $$$$$:  649-block 461
call   101 never executed
    $$$$$:  649-block 463
call   102 never executed
    $$$$$:  649-block 465
call   103 never executed
    $$$$$:  649-block 467
call   104 never executed
    $$$$$:  649-block 469
call   105 never executed
    $$$$$:  649-block 471
call   106 never executed
    $$$$$:  649-block 473
call   107 never executed
    $$$$$:  649-block 475
call   108 never executed
    $$$$$:  649-block 477
call   109 never executed
    $$$$$:  649-block 479
call   110 never executed
    $$$$$:  649-block 481
call   111 never executed
    $$$$$:  649-block 483
call   112 never executed
    $$$$$:  649-block 485
call   113 never executed
    $$$$$:  649-block 487
call   114 never executed
    $$$$$:  649-block 489
call   115 never executed
    $$$$$:  649-block 491
call   116 never executed
    $$$$$:  649-block 493
call   117 never executed
    $$$$$:  649-block 495
call   118 never executed
    $$$$$:  649-block 497
call   119 never executed
    $$$$$:  649-block 499
call   120 never executed
    $$$$$:  649-block 501
call   121 never executed
    $$$$$:  649-block 503
call   122 never executed
    $$$$$:  649-block 505
call   123 never executed
    $$$$$:  649-block 507
call   124 never executed
    $$$$$:  649-block 509
call   125 never executed
    $$$$$:  649-block 511
call   126 never executed
    $$$$$:  649-block 513
call   127 never executed
    $$$$$:  649-block 515
call   128 never executed
    $$$$$:  649-block 517
call   129 never executed
    $$$$$:  649-block 519
call   130 never executed
    $$$$$:  649-block 521
call   131 never executed
    $$$$$:  649-block 523
call   132 never executed
    $$$$$:  649-block 525
call   133 never executed
    $$$$$:  649-block 527
call   134 never executed
    $$$$$:  649-block 529
call   135 never executed
    $$$$$:  649-block 531
call   136 never executed
    $$$$$:  649-block 533
call   137 never executed
    $$$$$:  649-block 535
call   138 never executed
    $$$$$:  649-block 537
call   139 never executed
    $$$$$:  649-block 539
call   140 never executed
    $$$$$:  649-block 541
call   141 never executed
    $$$$$:  649-block 543
call   142 never executed
    $$$$$:  649-block 545
call   143 never executed
    $$$$$:  649-block 547
call   144 never executed
    $$$$$:  649-block 549
call   145 never executed
    $$$$$:  649-block 551
call   146 never executed
    $$$$$:  649-block 553
call   147 never executed
    $$$$$:  649-block 555
call   148 never executed
    $$$$$:  649-block 557
call   149 never executed
    $$$$$:  649-block 559
call   150 never executed
    $$$$$:  649-block 561
call   151 never executed
    $$$$$:  649-block 563
call   152 never executed
    $$$$$:  649-block 565
call   153 never executed
        -:  650:        // The excluded line is the local summary's unwind destructor.
function antwika::game::printSummary(std::ostream&, antwika::game::GameSummary const&) called 0 returned 0% blocks executed 0%
    #####:  651:        // Nothing between its construction and the return throws.
        -:  652:    } // GCOVR_EXCL_LINE
    #####:  653:
    %%%%%:  653-block 2
call    0 never executed
    #####:  654:    void printSummary(std::ostream &out, const GameSummary &summary)
call    0 never executed
    #####:  655:    {
call    0 never executed
call    1 never executed
    #####:  656:        out << "Final state: ticksProcessed="
call    0 never executed
call    1 never executed
call    2 never executed
    #####:  657:            << summary.state.ticksProcessed
call    0 never executed
call    1 never executed
call    2 never executed
call    3 never executed
    #####:  658:            << " score=" << summary.state.score
call    0 never executed
call    1 never executed
call    2 never executed
call    3 never executed
        -:  659:            << " money=" << summary.state.money << '\n';
    #####:  660:        out << "Paths laid: " << summary.paths.size() << '\n';
call    0 never executed
call    1 never executed
    %%%%%:  660-block 38
branch  2 never executed
branch  3 never executed (fallthrough)
        -:  661:        out << "Walkers: " << summary.walkers.size() << '\n';
    #####:  662:
    %%%%%:  662-block 21
call    0 never executed
branch  1 never executed (fallthrough)
branch  2 never executed (throw)
    %%%%%:  662-block 22
call    3 never executed
branch  4 never executed (fallthrough)
branch  5 never executed (throw)
    %%%%%:  662-block 23
call    6 never executed
branch  7 never executed (fallthrough)
branch  8 never executed (throw)
    %%%%%:  662-block 24
call    9 never executed
branch 10 never executed (fallthrough)
branch 11 never executed (throw)
    #####:  663:        for (const auto &walker : summary.walkers)
    %%%%%:  663-block 25
call    0 never executed
branch  1 never executed (fallthrough)
branch  2 never executed (throw)
    %%%%%:  663-block 26
call    3 never executed
call    4 never executed
branch  5 never executed (fallthrough)
branch  6 never executed (throw)
    %%%%%:  663-block 28
call    7 never executed
branch  8 never executed (fallthrough)
branch  9 never executed (throw)
        -:  664:        {
        -:  665:            out << "  at (" << walker.at.x << ", " << walker.at.y
    #####:  666:                << ") facing " << directionIndex(walker.facing) << '\n';
    %%%%%:  666-block 39
call    0 never executed
call    1 never executed
call    2 never executed
call    3 never executed
        -:  667:        }
    #####:  668:
call    0 never executed
call    1 never executed
    %%%%%:  668-block 78
branch  2 never executed
branch  3 never executed (fallthrough)
        -:  669:        out << "Buildings: " << summary.buildings.size() << '\n';
    #####:  670:
    %%%%%:  670-block 47
call    0 never executed
branch  1 never executed (fallthrough)
branch  2 never executed (throw)
    %%%%%:  670-block 48
call    3 never executed
call    4 never executed
branch  5 never executed (fallthrough)
branch  6 never executed (throw)
    %%%%%:  670-block 50
call    7 never executed
branch  8 never executed (fallthrough)
branch  9 never executed (throw)
    #####:  671:        for (const auto &building : summary.buildings)
    %%%%%:  671-block 51
call    0 never executed
branch  1 never executed (fallthrough)
branch  2 never executed (throw)
    %%%%%:  671-block 52
call    3 never executed
branch  4 never executed (fallthrough)
branch  5 never executed (throw)
    %%%%%:  671-block 53
call    6 never executed
branch  7 never executed (fallthrough)
branch  8 never executed (throw)
    #####:  672:        {
    %%%%%:  672-block 54
call    0 never executed
branch  1 never executed (fallthrough)
branch  2 never executed (throw)
    %%%%%:  672-block 55
call    3 never executed
call    4 never executed
branch  5 never executed (fallthrough)
branch  6 never executed (throw)
    %%%%%:  672-block 57
call    7 never executed
branch  8 never executed (fallthrough)
branch  9 never executed (throw)
        -:  673:            out << "  " << buildingKindName(building.kind) << " at ("
        -:  674:                << building.at.x << ", " << building.at.y << ") "
        -:  675:                << housingLevelName(building.level) << " covered";
        -:  676:
    #####:  677:            // Every service, including the ones at zero.
    %%%%%:  677-block 58
    %%%%%:  677-block 66
    %%%%%:  677-block 67
branch  0 never executed
branch  1 never executed (fallthrough)
        -:  678:            // A summary is read to find out what a run ended up like.
    #####:  679:            // "No doctor ever came" is exactly such a fact.
    %%%%%:  679-block 59
call    0 never executed
branch  1 never executed (fallthrough)
branch  2 never executed (throw)
    %%%%%:  679-block 60
call    3 never executed
call    4 never executed
branch  5 never executed (fallthrough)
branch  6 never executed (throw)
    %%%%%:  679-block 62
call    7 never executed
branch  8 never executed (fallthrough)
branch  9 never executed (throw)
    #####:  680:            for (const auto service : kServices)
    %%%%%:  680-block 63
call    0 never executed
call    1 never executed
call    2 never executed
branch  3 never executed (fallthrough)
branch  4 never executed (throw)
        -:  681:            {
        -:  682:                out << ' ' << serviceName(service) << '='
    #####:  683:                    << building.coverage[serviceIndex(service)];
    %%%%%:  683-block 68
call    0 never executed
branch  1 never executed (fallthrough)
branch  2 never executed (throw)
        -:  684:            }
        -:  685:
    #####:  686:            out << '\n';
    %%%%%:  686-block 79
call    0 never executed
call    1 never executed
call    2 never executed
call    3 never executed
        -:  687:        }
    #####:  688:
call    0 never executed
call    1 never executed
    %%%%%:  688-block 107
branch  2 never executed
branch  3 never executed (fallthrough)
        -:  689:        out << "Ruins: " << summary.ruins.size() << '\n';
    #####:  690:
    %%%%%:  690-block 87
call    0 never executed
branch  1 never executed (fallthrough)
branch  2 never executed (throw)
    %%%%%:  690-block 88
call    3 never executed
call    4 never executed
branch  5 never executed (fallthrough)
branch  6 never executed (throw)
    %%%%%:  690-block 90
call    7 never executed
branch  8 never executed (fallthrough)
branch  9 never executed (throw)
    #####:  691:        for (const auto &ruin : summary.ruins)
    %%%%%:  691-block 91
call    0 never executed
branch  1 never executed (fallthrough)
branch  2 never executed (throw)
    %%%%%:  691-block 92
call    3 never executed
branch  4 never executed (fallthrough)
branch  5 never executed (throw)
    %%%%%:  691-block 93
call    6 never executed
branch  7 never executed (fallthrough)
branch  8 never executed (throw)
    #####:  692:        {
    %%%%%:  692-block 94
call    0 never executed
branch  1 never executed (fallthrough)
branch  2 never executed (throw)
    %%%%%:  692-block 95
call    3 never executed
call    4 never executed
branch  5 never executed (fallthrough)
branch  6 never executed (throw)
    %%%%%:  692-block 97
call    7 never executed
branch  8 never executed (fallthrough)
branch  9 never executed (throw)
        -:  693:            out << "  " << buildingKindName(ruin.kind) << " at ("
        -:  694:                << ruin.at.x << ", " << ruin.at.y << ") "
        -:  695:                << ruinStateName(ruin.state) << '\n';
        -:  696:        }
        -:  697:
    #####:  698:        // Every rating, including the ones at zero.
    %%%%%:  698-block 108
call    0 never executed
call    1 never executed
    #####:  699:        // A summary is read to find out what a run ended up like.
call    0 never executed
call    1 never executed
    #####:  700:        // "Nobody ever moved in" is exactly such a fact.
call    0 never executed
call    1 never executed
    #####:  701:        out << "Ratings: population=" << summary.ratings.population
call    0 never executed
call    1 never executed
call    2 never executed
        -:  702:            << " employment=" << summary.ratings.employment
        -:  703:            << " housing=" << summary.ratings.averageHousingLevel
        -:  704:            << " service=" << summary.ratings.serviceReach << '\n';
    #####:  705:
call    0 never executed
call    1 never executed
call    2 never executed
call    3 never executed
        -:  706:        // The count rather than the lines.
    #####:  707:        // A summary line is a fact, and the history is state above.
call    0 never executed
call    1 never executed
call    2 never executed
call    3 never executed
    #####:  708:        out << "Console lines: " << summary.console.size() << '\n';
call    0 never executed
call    1 never executed
call    2 never executed
    #####:  709:
call    0 never executed
call    1 never executed
call    2 never executed
    #####:  710:        out << "Camera: pan (" << summary.camera.pan().x << ", "
        -:  711:            << summary.camera.pan().y << ") zoom "
        -:  712:            << summary.camera.zoomLevel() << '\n';
        -:  713:    }
        -:  714:
        -:  715:} // namespace antwika::game
